[2016-05-30 23:59:49] START
[2016-05-31 00:00:22] CREATE Escultor.py: 0
[2016-05-31 00:00:42] CREATE Artista.py: 0
[2016-05-31 00:01:41] DELETE EsQltoR/controllers/Escultor.py: -1
[2016-05-31 00:01:51] DELETE EsQltoR/controllers/Artista.py: -1
[2016-05-31 00:02:28] CREATE EscultorController.py: 0
[2016-05-31 00:02:37] CREATE ArtistaController.py: 0
[2016-05-31 00:16:43] EDIT EsQltoR/controllers/EscultorController.py: 2
[2016-05-31 00:20:02] EDIT EsQltoR/controllers/ArtistaController.py: 2
[2016-05-31 00:22:33] CREATE EscultorController/index.html: 0
[2016-05-31 00:23:19] CREATE ArtistaController/index.html: 0
[2016-05-31 00:27:25] EDIT EsQltoR/views/ArtistaController/index.html: 4
[2016-05-31 00:28:46] EDIT EsQltoR/views/EscultorController/index.html: 4
[2016-05-31 00:31:02] CREATE artista.py: 0
[2016-05-31 00:31:48] DELETE EsQltoR/models/artista.py: 0
[2016-05-31 00:47:21] EDIT EsQltoR/models/db.py: 8
[2016-05-31 00:50:52] EDIT EsQltoR/views/EscultorController/index.html: 0
[2016-05-31 00:58:28] EDIT EsQltoR/models/db.py: -2
[2016-06-02 10:05:02] EDIT EsQltoR/controllers/EscultorController.py: 0
[2016-06-02 10:05:49] EDIT EsQltoR/controllers/EscultorController.py: 0
[2016-06-02 10:09:48] EDIT EsQltoR/views/EscultorController/index.html: 0
[2016-06-02 10:24:22] EDIT EsQltoR/views/EscultorController/index.html: 0
[2016-06-02 10:25:11] EDIT EsQltoR/views/EscultorController/index.html: 0
[2016-06-02 10:26:06] EDIT EsQltoR/views/EscultorController/index.html: 0
[2016-06-02 10:26:22] EDIT EsQltoR/views/EscultorController/index.html: 0
[2016-06-02 10:26:56] EDIT EsQltoR/views/EscultorController/index.html: 0
[2016-06-02 10:29:39] CREATE EscultorController/Facus_R.html: 0
[2016-06-02 10:30:14] EDIT EsQltoR/views/EscultorController/Facus_R.html: 0
[2016-06-02 10:34:12] EDIT EsQltoR/views/EscultorController/index.html: 0
[2016-06-02 10:34:45] EDIT EsQltoR/views/EscultorController/index.html: 0
[2016-06-02 10:36:02] EDIT EsQltoR/controllers/EscultorController.py: 2
[2016-06-02 10:37:23] EDIT EsQltoR/views/EscultorController/Facus_R.html: 0
[2016-06-02 10:40:31] EDIT EsQltoR/views/EscultorController/index.html: 0
[2016-06-02 10:40:58] EDIT EsQltoR/views/EscultorController/index.html: 0
[2016-06-02 10:41:18] EDIT EsQltoR/views/EscultorController/index.html: 0
[2016-06-02 10:43:53] EDIT EsQltoR/views/EscultorController/index.html: 0
[2016-06-02 10:55:27] DELETE EsQltoR/models/db_wizard_populate.py: -5
[2016-06-02 11:05:06] EDIT EsQltoR/models/db_wizard.py: 14
[2016-06-02 11:16:24] EDIT EsQltoR/views/EscultorController/index.html: 0
[2016-06-02 11:17:27] EDIT EsQltoR/views/EscultorController/index.html: 0
[2016-06-02 11:18:55] EDIT EsQltoR/controllers/EscultorController.py: 0
[2016-06-02 11:20:50] EDIT EsQltoR/controllers/ArtistaController.py: 0
[2016-06-02 11:24:46] DELETE EsQltoR/views/EscultorController/Facus_R.html: -3
[2016-06-02 11:25:09] CREATE EscultorController/show.html: 0
[2016-06-02 11:38:36] EDIT EsQltoR/controllers/EscultorController.py: 1
[2016-06-02 11:40:19] EDIT EsQltoR/views/EscultorController/show.html: 0
[2016-06-02 11:41:37] EDIT EsQltoR/controllers/EscultorController.py: 0
[2016-06-02 11:42:20] EDIT EsQltoR/views/EscultorController/show.html: -1
[2016-06-02 11:52:18] EDIT EsQltoR/models/db_wizard.py: 2
[2016-06-02 12:01:17] EDIT EsQltoR/controllers/ArtistaController.py: 3
[2016-06-02 12:06:52] CREATE ArtistaController/show.html: 0
[2016-06-02 12:42:20] EDIT EsQltoR/views/EscultorController/show.html: 0
